<?xml version="1.0" encoding="UTF-8"?>
<!-- Generated by org.testng.reporters.JUnitReportReporter -->
<testsuite hostname="DESKTOP-ERSL0UH" failures="0" tests="1" name="pom.hrmTest" time="54.272" errors="0" timestamp="2023-07-18T10:02:36 IST" skipped="0">
  <testcase classname="pom.hrmTest" name="loginpageTest" time="54.272"/>
</testsuite> <!-- pom.hrmTest -->
